<?xml version="1.0" encoding="UTF-8"?>
<!-- Generated by org.testng.reporters.JUnitReportReporter -->
<testsuite hostname="LAPTOP-NBCD1KMT" failures="0" tests="3" name="DynamicJsonPayloadwithParameterization.TestDataProvider" time="4.763" errors="0" timestamp="02 May 2023 07:43:31 GMT" skipped="0">
  <testcase classname="DynamicJsonPayloadwithParameterization.TestDataProvider" name="AddBook" time="0.185"/>
  <testcase classname="DynamicJsonPayloadwithParameterization.TestDataProvider" name="AddBook" time="0.213"/>
  <testcase classname="DynamicJsonPayloadwithParameterization.TestDataProvider" name="AddBook" time="4.365"/>
</testsuite> <!-- DynamicJsonPayloadwithParameterization.TestDataProvider -->
