<?xml version="1.0" encoding="UTF-8"?>
<!-- Generated by org.testng.reporters.JUnitReportReporter -->
<testsuite hostname="LAPTOP-NBCD1KMT" failures="0" tests="1" name="DynamicJsonPayloadwithParameterization.DynamicJson" time="8.062" errors="0" timestamp="04 May 2023 15:06:44 GMT" skipped="0">
  <testcase classname="DynamicJsonPayloadwithParameterization.DynamicJson" name="AddBook" time="8.062"/>
</testsuite> <!-- DynamicJsonPayloadwithParameterization.DynamicJson -->
